<?xml version="1.0" encoding="UTF-8"?>
<testsuite name="SILab2Test" tests="1" skipped="0" failures="0" errors="0" timestamp="2020-06-12T02:25:04" hostname="DESKTOP-TCOF0CB" time="0.02">
  <properties/>
  <testcase name="everyStatementTest()" classname="SILab2Test" time="0.02"/>
  <system-out><![CDATA[]]></system-out>
  <system-err><![CDATA[]]></system-err>
</testsuite>
